2024-08-09 13:00:06,754 - INFO - Credentials successfully loaded from file Google Sheet {'oraSchema': 'MAIN', 'oraHost': 'gsl-kol-sr-03', 'oraPort': 1521, 'oraPass': 'gmpl', 'oraService': 'MAIN', 'pgDbName': 'pgdev2', 'pgHost': 'gsl-kol-sr-05', 'pgPort': 5432, 'pgPass': 'gmpl', 'pgUser': 'gslpgadmin'}
2024-08-09 13:00:07,112 - INFO - Database "pgdev2" already exists.
2024-08-09 13:00:07,113 - INFO - Database creation skipped because the database already exists.
2024-08-09 13:00:07,130 - INFO - Status updated in status.json
2024-08-09 13:00:07,387 - INFO - Database setup done
2024-08-09 13:00:08,455 - INFO - Success: Great, Version Matched!
Oracle(12.22.0) and Postgres(12.22.0) Version are the same,now you can proceed with migration!
2024-08-09 13:00:08,473 - INFO - Status updated in status.json
2024-08-09 13:00:08,511 - INFO - DBVersion Matched
2024-08-09 13:00:08,511 - INFO - OraCon updated successfully.
2024-08-09 13:00:08,512 - INFO - pgCon updated successfully.
2024-08-09 13:00:08,513 - INFO - config.json successfully updated.
2024-08-09 13:00:08,513 - INFO - toolkit.properties updated successfully.
2024-08-09 13:00:08,518 - INFO - connection.json updated successfully.
2024-08-09 13:00:08,522 - INFO - OraCon.txt and pgCon.txt copied successfully.
2024-08-09 13:00:08,523 - INFO - Connections updated and files copied successfully.
2024-08-09 13:00:08,530 - INFO - Status updated in status.json
2024-08-09 13:00:08,568 - INFO - Credentials updated successfully.
2024-08-09 13:00:26,021 - INFO - C:\Program Files\edb\prodmig\RunCMDEdb_New\netcoreapp3.1\RunEDBCommand.exe executed successfully.
2024-08-09 13:00:26,030 - INFO - Status updated in status.json
2024-08-09 13:00:26,067 - INFO - Migration app started successfully
2024-08-09 13:00:26,428 - INFO - Error: Failed to connect to postgres database.
Error: relation "oracle_data_count" does not exist
LINE 1: select * from oracle_data_count order by table_name
                      ^

2024-08-09 13:00:26,445 - INFO - Status updated in status.json
2024-08-09 13:00:26,482 - INFO - Migration failed! relation "oracle_data_count" does not exist
LINE 1: select * from oracle_data_count order by table_name
                      ^

2024-08-09 13:03:16,576 - INFO - Credentials successfully loaded from file Google Sheet {'oraSchema': 'MAIN', 'oraHost': 'gsl-kol-sr-03', 'oraPort': 1521, 'oraPass': 'gmpl', 'oraService': 'MAIN', 'pgDbName': 'pgdev2', 'pgHost': 'gsl-kol-sr-05', 'pgPort': 5432, 'pgPass': 'gmpl', 'pgUser': 'gslpgadmin'}
2024-08-09 13:03:16,924 - INFO - 
Error creating jobs for the database pgdev2: procedure schedule_jobs_in_postgres() does not exist
LINE 1: call schedule_jobs_in_postgres()
             ^
HINT:  No procedure matches the given name and argument types. You might need to add explicit type casts.

2024-08-09 13:03:17,207 - INFO - Error while creating jobs 
Error creating jobs for the database pgdev2: procedure schedule_jobs_in_postgres() does not exist
LINE 1: call schedule_jobs_in_postgres()
             ^
HINT:  No procedure matches the given name and argument types. You might need to add explicit type casts.

2024-08-09 13:09:53,100 - INFO - Credentials successfully loaded from file Google Sheet {'oraSchema': 'MAIN', 'oraHost': 'gsl-kol-sr-03', 'oraPort': 1521, 'oraPass': 'gmpl', 'oraService': 'MAIN', 'pgDbName': 'pgdev2', 'pgHost': 'gsl-kol-sr-05', 'pgPort': 5432, 'pgPass': 'gmpl', 'pgUser': 'gslpgadmin'}
2024-08-09 13:09:53,482 - INFO - 
Error creating jobs for the database pgdev2: procedure schedule_jobs_in_postgres() does not exist
LINE 1: call schedule_jobs_in_postgres()
             ^
HINT:  No procedure matches the given name and argument types. You might need to add explicit type casts.

2024-08-09 13:09:53,506 - INFO - Status updated in status.json
2024-08-09 13:09:53,790 - INFO - Error while creating jobs 
Error creating jobs for the database pgdev2: procedure schedule_jobs_in_postgres() does not exist
LINE 1: call schedule_jobs_in_postgres()
             ^
HINT:  No procedure matches the given name and argument types. You might need to add explicit type casts.

